<?xml version="1.0" encoding="UTF-8"?>
<!-- Generated by org.testng.reporters.JUnitReportReporter -->
<testsuite hostname="CIGUSLP-0660" failures="0" tests="1" name="tests.NewTest" time="4.116" errors="0" timestamp="2020-04-03T16:16:00 EDT" skipped="0">
  <testcase classname="tests.NewTest" name="openOutbackSite" time="4.116"/>
  <system-out/>
</testsuite> <!-- tests.NewTest -->
